{
  "RSpec": {
    "coverage": {
      "/home/server/gces/app/adapters/search_adapter.rb": [
        1,
        1,
        1,
        1,
        1,
        1,
        null,
        null,
        null,
        null,
        null,
        null,
        1,
        16,
        16,
        16,
        null,
        null,
        1,
        16,
        16,
        16,
        null,
        16,
        null,
        null,
        1,
        null,
        1,
        13,
        null,
        null,
        1,
        16,
        16,
        null,
        16,
        16,
        16,
        null,
        16,
        10,
        10,
        null,
        null,
        16,
        null,
        null,
        1,
        16,
        16,
        null,
        null,
        6,
        null,
        null,
        null,
        null,
        null,
        6,
        null,
        null,
        1,
        6,
        null,
        null,
        null,
        null,
        null,
        1,
        16,
        null,
        3,
        3,
        3,
        3,
        null,
        3,
        3,
        null,
        null,
        1,
        0,
        null,
        null,
        null,
        null,
        1,
        10,
        10,
        null,
        10,
        null,
        10,
        24,
        24,
        null,
        null,
        null,
        1,
        24,
        null,
        null,
        1,
        48,
        112,
        29,
        null,
        112,
        null,
        null,
        null
      ],
      "/home/server/gces/app/controllers/change_passwords_controller.rb": [
        1,
        1,
        null,
        1,
        null,
        null,
        1,
        4,
        null,
        null,
        2,
        2,
        null,
        2,
        null,
        null,
        null,
        1,
        null,
        1,
        2,
        null,
        null,
        1,
        4,
        null,
        null,
        1,
        6,
        6,
        null,
        null
      ],
      "/home/server/gces/app/controllers/company_controller.rb": [
        1,
        1,
        1,
        1,
        null
      ],
      "/home/server/gces/app/controllers/application_controller.rb": [
        1,
        null,
        null,
        1,
        null,
        1,
        null,
        1,
        null,
        1,
        null,
        1,
        0,
        0,
        0,
        null,
        0,
        null,
        null,
        null,
        1,
        null,
        1,
        370,
        370,
        null,
        null,
        1,
        370,
        null,
        null,
        1,
        370,
        370,
        370,
        370,
        370,
        370,
        370,
        null,
        370,
        null,
        null,
        null,
        null,
        1,
        1480,
        null,
        0,
        0,
        null,
        null,
        1,
        1110,
        null,
        null,
        1,
        328,
        null,
        null,
        1,
        81,
        25,
        null,
        56,
        null,
        null,
        null
      ],
      "/home/server/gces/app/controllers/companies_controller.rb": [
        1,
        1,
        null,
        null,
        1,
        6,
        2,
        null,
        null,
        6,
        null,
        null,
        null,
        1,
        null,
        null,
        null,
        1,
        5,
        5,
        5,
        null,
        null,
        null,
        1,
        null,
        null,
        null,
        1,
        9,
        9,
        null,
        8,
        4,
        null,
        4,
        null,
        null,
        null,
        null,
        1,
        12,
        8,
        null,
        4,
        null,
        null,
        null,
        null,
        1,
        3,
        3,
        null,
        null,
        1,
        null,
        null,
        1,
        35,
        35,
        null,
        null,
        null,
        1,
        9,
        null,
        null,
        null,
        1,
        12,
        null,
        null
      ],
      "/home/server/gces/app/controllers/consultants_controller.rb": [
        1,
        1,
        1,
        null,
        1,
        6,
        6,
        6,
        6,
        6,
        null,
        6,
        6,
        null,
        null,
        1,
        8,
        7,
        null,
        1,
        null,
        null,
        null,
        1,
        null,
        null,
        1,
        5,
        4,
        null,
        1,
        null,
        null,
        null,
        1,
        0,
        0,
        null,
        null,
        1,
        null,
        1,
        33,
        33,
        null,
        null
      ],
      "/home/server/gces/app/controllers/conversations_controller.rb": [
        1,
        1,
        1,
        1,
        1,
        null,
        1,
        1,
        null,
        null,
        1,
        4,
        null,
        null,
        1,
        4,
        null,
        4,
        3,
        null,
        null,
        3,
        null,
        1,
        null,
        null,
        null,
        1,
        4,
        4,
        null,
        null,
        1,
        1,
        1,
        null,
        null,
        1,
        0,
        null,
        null,
        0,
        0,
        0,
        null,
        0,
        null,
        null,
        null,
        1,
        null,
        1,
        0,
        null,
        null,
        1,
        6,
        null,
        null,
        1,
        1,
        null,
        null,
        1,
        10,
        null,
        null,
        1,
        4,
        null,
        null,
        1,
        14,
        null,
        null
      ],
      "/home/server/gces/app/controllers/create_profile_controller.rb": [
        null,
        1,
        1,
        null,
        1,
        1,
        1,
        null,
        1,
        null,
        1,
        null,
        null,
        null,
        null,
        null,
        null,
        null,
        null,
        null,
        1,
        20,
        20,
        null,
        null,
        1,
        13,
        13,
        13,
        null,
        13,
        11,
        2,
        null,
        9,
        1,
        null,
        9,
        null,
        null,
        2,
        null,
        null,
        null,
        1,
        null,
        1,
        1,
        null,
        null,
        1,
        11,
        3,
        3,
        null,
        8,
        null,
        null,
        null,
        1,
        13,
        null,
        2,
        null,
        2,
        null,
        2,
        null,
        2,
        null,
        3,
        null,
        2,
        2,
        2,
        null,
        null,
        null,
        1,
        20,
        null,
        3,
        null,
        4,
        null,
        4,
        null,
        2,
        null,
        4,
        null,
        3,
        3,
        null,
        null,
        null,
        1,
        4,
        4,
        4,
        4,
        null,
        null,
        1,
        4,
        null,
        null,
        1,
        2,
        2,
        null,
        null,
        1,
        4,
        4,
        null,
        4,
        null,
        null,
        1,
        34,
        1,
        1,
        null,
        null,
        1,
        2,
        2,
        2,
        null,
        null,
        1,
        11,
        11,
        null,
        null
      ],
      "/home/server/gces/app/controllers/consultant_controller.rb": [
        1,
        1,
        1,
        1,
        1,
        1,
        null,
        1,
        null,
        1,
        37,
        null,
        null,
        1,
        null,
        37,
        null,
        0,
        0,
        null,
        null,
        1,
        71,
        0,
        null,
        null,
        null
      ],
      "/home/server/gces/app/controllers/downloads_controller.rb": [
        1,
        1,
        null,
        1,
        3,
        2,
        0,
        null,
        2,
        null,
        null,
        1,
        null,
        null,
        null,
        1,
        null,
        1,
        3,
        null,
        null
      ],
      "/home/server/gces/app/controllers/pages_controller.rb": [
        1,
        1,
        1,
        1,
        null,
        1,
        null,
        null,
        1,
        2,
        null,
        null,
        1,
        2,
        null,
        null,
        1,
        0,
        null,
        null,
        1,
        2,
        null,
        null,
        1,
        2,
        null,
        null,
        1,
        null,
        null,
        1,
        null,
        null,
        1,
        0,
        null,
        null,
        1,
        null,
        null
      ],
      "/home/server/gces/app/controllers/profiles_controller.rb": [
        1,
        1,
        null,
        1,
        3,
        null,
        null,
        1,
        8,
        null,
        8,
        3,
        null,
        5,
        null,
        null,
        null,
        1,
        4,
        null,
        null,
        1,
        1,
        1,
        1,
        null,
        null,
        1,
        null,
        1,
        16,
        16,
        null,
        null,
        1,
        8,
        null,
        null
      ],
      "/home/server/gces/app/controllers/project_histories_controller.rb": [
        1,
        1,
        null,
        null,
        1,
        3,
        null,
        null,
        null,
        1,
        2,
        2,
        2,
        null,
        2,
        null,
        null,
        null,
        1,
        null,
        null,
        null,
        1,
        5,
        5,
        5,
        null,
        5,
        null,
        5,
        3,
        3,
        null,
        2,
        null,
        null,
        null,
        null,
        1,
        5,
        2,
        2,
        null,
        3,
        null,
        null,
        null,
        null,
        1,
        1,
        1,
        null,
        1,
        null,
        null,
        1,
        null,
        null,
        1,
        11,
        11,
        11,
        null,
        8,
        null,
        null,
        null,
        1,
        10,
        5,
        null,
        null,
        10,
        null,
        null
      ],
      "/home/server/gces/app/controllers/projects_controller.rb": [
        1,
        1,
        1,
        1,
        1,
        null,
        null,
        1,
        8,
        null,
        null,
        null,
        1,
        null,
        null,
        null,
        1,
        6,
        6,
        null,
        6,
        null,
        null,
        null,
        1,
        5,
        null,
        null,
        null,
        1,
        9,
        9,
        null,
        9,
        null,
        9,
        null,
        9,
        4,
        null,
        5,
        null,
        null,
        null,
        null,
        1,
        10,
        null,
        10,
        3,
        null,
        7,
        null,
        null,
        null,
        1,
        5,
        4,
        null,
        1,
        null,
        null,
        null,
        1,
        5,
        4,
        null,
        1,
        null,
        null,
        null,
        1,
        5,
        4,
        null,
        1,
        null,
        null,
        null,
        1,
        5,
        4,
        null,
        1,
        null,
        null,
        null,
        1,
        null,
        null,
        1,
        44,
        44,
        null,
        null,
        1,
        15,
        null,
        null,
        null,
        1,
        19,
        null,
        null,
        null,
        1,
        66,
        null,
        null
      ],
      "/home/server/gces/app/controllers/sales_leads_controller.rb": [
        1,
        1,
        2,
        null,
        null,
        1,
        4,
        null,
        4,
        3,
        3,
        null,
        null,
        3,
        null,
        1,
        null,
        null,
        null,
        1,
        null,
        1,
        4,
        null,
        null,
        null
      ],
      "/home/server/gces/app/controllers/searches_controller.rb": [
        1,
        1,
        1,
        0,
        null,
        0,
        0,
        null,
        1,
        null,
        null,
        null,
        1,
        0,
        0,
        null,
        null,
        0,
        0,
        null,
        null,
        null
      ],
      "/home/server/gces/app/controllers/upload_images_controller.rb": [
        1,
        1,
        null,
        1,
        3,
        2,
        null,
        1,
        null,
        null,
        null,
        1,
        null,
        null,
        1,
        null,
        1,
        3,
        null,
        null,
        1,
        7,
        7,
        7,
        0,
        null,
        7,
        null,
        null,
        null
      ],
      "/home/server/gces/app/controllers/upload_resumes_controller.rb": [
        1,
        1,
        null,
        1,
        3,
        2,
        null,
        1,
        null,
        null,
        null,
        1,
        null,
        null,
        1,
        null,
        1,
        3,
        null,
        null,
        1,
        7,
        7,
        7,
        0,
        null,
        7,
        null,
        null,
        null
      ],
      "/home/server/gces/app/controllers/users_controller.rb": [
        1,
        1,
        1,
        1,
        null,
        1,
        0,
        0,
        0,
        null,
        null,
        1,
        6,
        null,
        null,
        1,
        8,
        8,
        null,
        null,
        1,
        null,
        null,
        1,
        15,
        15,
        null,
        15,
        8,
        null,
        7,
        null,
        null,
        null,
        1,
        null,
        null,
        1,
        12,
        8,
        null,
        4,
        null,
        null,
        null,
        1,
        3,
        3,
        null,
        null,
        1,
        null,
        1,
        66,
        66,
        null,
        null,
        1,
        33,
        33,
        null,
        null,
        1,
        27,
        null,
        null
      ],
      "/home/server/gces/app/forms/basic_information_form.rb": [
        1,
        null,
        1,
        1,
        null,
        1,
        null,
        1,
        null,
        1,
        null
      ],
      "/home/server/gces/app/forms/profile_image.rb": [
        1,
        1,
        null,
        1,
        null,
        1,
        null,
        null,
        null
      ],
      "/home/server/gces/app/forms/resume.rb": [
        1,
        1,
        null,
        1,
        null,
        1,
        null,
        null,
        null,
        null
      ],
      "/home/server/gces/app/forms/edit_consultant_form.rb": [
        1,
        null,
        1,
        1,
        null,
        1,
        null,
        1,
        1,
        1,
        null,
        1,
        null,
        null,
        1,
        null,
        null,
        1,
        null,
        1,
        4,
        null,
        null
      ],
      "/home/server/gces/app/forms/qualifications.rb": [
        1,
        1,
        null,
        1,
        1,
        null,
        1,
        null,
        2,
        2,
        null,
        2,
        2,
        2,
        null,
        2,
        2,
        2,
        null,
        null,
        1,
        1,
        1,
        null,
        null,
        1,
        null,
        4,
        4,
        4,
        4,
        null,
        4,
        4,
        null,
        null,
        null,
        null,
        4,
        null,
        null,
        1,
        null,
        1,
        166,
        56,
        null,
        null,
        1,
        56,
        56,
        null,
        null,
        1,
        56,
        null,
        null
      ],
      "/home/server/gces/app/models/education.rb": [
        1,
        1,
        1,
        null,
        1,
        1,
        1,
        1,
        null,
        null,
        1,
        null
      ],
      "/home/server/gces/app/forms/other_information.rb": [
        1,
        null,
        1,
        1,
        null,
        1,
        1,
        null,
        1,
        1,
        null,
        1,
        2,
        2,
        2,
        2,
        2,
        2,
        2,
        2,
        null,
        2,
        null,
        null,
        1,
        2,
        null,
        2,
        null,
        null,
        1,
        2,
        null,
        null,
        2,
        2,
        null,
        2,
        2,
        2,
        null,
        2,
        null,
        null,
        null,
        null,
        null,
        null,
        2,
        null,
        null,
        1,
        null,
        1,
        2,
        2,
        2,
        2,
        2,
        2,
        2,
        2,
        2,
        null,
        24,
        24,
        2,
        2,
        null,
        null,
        22,
        null,
        null,
        null,
        1,
        null,
        5,
        5,
        5,
        5,
        null,
        5,
        5,
        null,
        null,
        null,
        null,
        5,
        null,
        null,
        1,
        null,
        1,
        196,
        66,
        66,
        null,
        null
      ],
      "/home/server/gces/app/models/entity.rb": [
        1,
        1,
        1,
        null,
        1,
        null,
        1,
        null,
        null,
        null,
        null,
        null,
        null,
        null,
        null,
        null,
        null,
        1,
        0,
        null,
        null,
        1,
        2,
        null,
        null,
        1,
        0,
        null,
        null
      ],
      "/home/server/gces/app/models/address.rb": [
        1,
        1,
        null,
        1,
        null,
        1,
        1,
        null,
        1,
        1,
        null,
        null,
        1,
        null,
        1,
        1,
        null,
        null,
        1,
        1,
        null,
        null,
        1,
        null,
        1,
        31,
        2,
        null,
        null,
        1,
        29,
        29,
        null,
        null
      ],
      "/home/server/gces/app/models/concerns/indexable.rb": [
        1,
        1,
        null,
        1,
        3,
        null,
        null,
        1,
        null,
        1,
        200,
        null,
        null
      ],
      "/home/server/gces/app/models/phone.rb": [
        1,
        1,
        1,
        null,
        1,
        null,
        1,
        null,
        1,
        null,
        1,
        5,
        1,
        null,
        4,
        null,
        null,
        null,
        1,
        null,
        1,
        32,
        null,
        null
      ],
      "/home/server/gces/app/models/military.rb": [
        1,
        1,
        null,
        1,
        1,
        1,
        1,
        null,
        1,
        null
      ],
      "/home/server/gces/app/validators/date_validator.rb": [
        1,
        1,
        null,
        1,
        0,
        null,
        null,
        1,
        4,
        null,
        null,
        1,
        24,
        null,
        null,
        1,
        175,
        null,
        null,
        1,
        355,
        null,
        null,
        1,
        9,
        9,
        9,
        9,
        9,
        9,
        9,
        null,
        null,
        1,
        9,
        16,
        null,
        null,
        1,
        201,
        201,
        355,
        205,
        0,
        null,
        127,
        null,
        205,
        null,
        201,
        null,
        null,
        1,
        211,
        null,
        201,
        201,
        null,
        201,
        203,
        9,
        9,
        null,
        null,
        null,
        1,
        127,
        127,
        0,
        0,
        null,
        null,
        null
      ],
      "/home/server/gces/app/forms/other_information_form.rb": [
        1,
        1,
        null,
        1,
        null,
        1,
        2,
        null,
        null
      ],
      "/home/server/gces/app/forms/project_form.rb": [
        1,
        null,
        1,
        1,
        null,
        1,
        1,
        1,
        null,
        1,
        1,
        1,
        1,
        1,
        null,
        null,
        null,
        1,
        null,
        null,
        null
      ],
      "/home/server/gces/app/forms/project_history_form.rb": [
        1,
        null,
        1,
        1,
        null,
        1,
        1,
        1,
        1,
        1,
        1,
        1,
        1,
        1,
        null,
        1,
        1,
        1,
        1,
        1,
        1,
        76,
        1,
        1,
        null,
        null,
        1,
        null,
        null,
        null,
        1,
        1,
        null,
        1,
        1,
        1,
        null,
        1,
        null,
        null,
        null,
        null,
        null,
        null,
        8,
        null,
        null,
        1,
        75,
        73,
        1,
        null,
        null,
        null,
        1,
        75,
        73,
        1,
        null,
        null,
        null
      ],
      "/home/server/gces/app/forms/qualifications_form.rb": [
        1,
        null,
        1,
        1,
        null,
        1,
        null,
        1,
        0,
        null,
        null
      ],
      "/home/server/gces/app/forms/upload_image_form.rb": [
        1,
        null,
        1,
        1,
        null,
        1,
        null,
        1,
        null
      ],
      "/home/server/gces/app/forms/upload_resume_form.rb": [
        1,
        null,
        1,
        1,
        null,
        1,
        null
      ],
      "/home/server/gces/app/mailers/company_mailer.rb": [
        1,
        1,
        6,
        6,
        null,
        null
      ],
      "/home/server/gces/app/mailers/contract_updated.rb": [
        1,
        1,
        2,
        null,
        2,
        null,
        null,
        null
      ],
      "/home/server/gces/app/mailers/project_status_mailer.rb": [
        1,
        1,
        3,
        3,
        null,
        null,
        1,
        3,
        3,
        null,
        null,
        1,
        3,
        3,
        null,
        null,
        1,
        3,
        3,
        null,
        null,
        1,
        3,
        3,
        null,
        null,
        1,
        3,
        3,
        null,
        null,
        null,
        null,
        1,
        3,
        3,
        null,
        null,
        1,
        3,
        3,
        null,
        null,
        1,
        21,
        21,
        21,
        null,
        null,
        1,
        3,
        3,
        3,
        null,
        null
      ],
      "/home/server/gces/app/models/background.rb": [
        1,
        1,
        null,
        1,
        1,
        null
      ],
      "/home/server/gces/app/models/company.rb": [
        1,
        1,
        1,
        null,
        1,
        1,
        1,
        null,
        1,
        1,
        null
      ],
      "/home/server/gces/app/models/consultant_certification.rb": [
        1,
        1,
        1,
        null,
        1,
        1,
        null
      ],
      "/home/server/gces/app/models/consultant_skill.rb": [
        1,
        1,
        1,
        null,
        1,
        1,
        1,
        null
      ],
      "/home/server/gces/app/models/contract.rb": [
        1,
        1,
        1,
        null,
        1,
        12,
        6,
        null,
        6,
        null,
        null,
        null,
        null,
        1,
        12,
        12,
        null,
        null,
        1,
        0,
        null,
        null,
        1,
        0,
        null,
        null,
        1,
        0,
        null,
        null,
        1,
        3,
        1,
        null,
        2,
        null,
        null,
        null,
        1,
        1,
        1,
        null,
        null,
        1,
        1,
        null,
        null,
        1,
        1,
        null,
        null,
        1,
        0,
        null,
        null,
        null,
        1,
        1,
        1,
        null,
        null,
        1,
        1,
        null,
        null,
        1,
        1,
        null,
        null,
        1,
        0,
        null,
        null,
        null
      ],
      "/home/server/gces/app/models/markets.rb": [
        1,
        1,
        null,
        1,
        1,
        null,
        1,
        null,
        null
      ],
      "/home/server/gces/app/models/metric.rb": [
        1,
        1,
        1,
        null,
        1,
        1,
        1,
        1,
        null,
        1,
        null,
        null,
        null,
        null,
        null,
        null,
        1,
        null,
        0,
        null,
        null,
        1,
        4,
        null,
        null,
        0,
        0,
        null,
        null,
        null,
        1,
        null,
        1,
        0,
        0,
        0,
        null,
        null,
        1,
        0,
        0,
        0,
        0,
        null,
        null
      ],
      "/home/server/gces/app/models/project_history_position.rb": [
        1,
        1,
        1,
        null,
        1,
        1,
        null
      ],
      "/home/server/gces/app/models/project_history.rb": [
        1,
        1,
        null,
        1,
        1,
        1,
        1,
        1,
        1,
        1,
        null,
        1,
        null
      ],
      "/home/server/gces/app/models/project.rb": [
        1,
        1,
        null,
        1,
        1,
        null,
        null,
        null,
        1,
        null,
        null,
        1,
        1,
        1,
        null,
        1,
        1,
        1,
        null
      ],
      "/home/server/gces/app/models/sales_lead.rb": [
        1,
        1,
        null,
        1,
        1,
        1,
        null,
        null,
        1,
        1,
        null,
        null,
        null,
        null,
        null,
        null,
        1,
        null,
        1,
        37,
        null,
        null
      ],
      "/home/server/gces/app/models/search.rb": [
        1,
        1,
        null,
        1,
        null,
        null,
        null,
        null,
        1,
        null,
        1,
        null,
        1,
        10,
        6,
        1,
        null,
        1,
        392,
        null,
        4704,
        392,
        39,
        null,
        null,
        392,
        null,
        392,
        392,
        392,
        392,
        null,
        null,
        1,
        60,
        null,
        2,
        null,
        null,
        1,
        392,
        null,
        1,
        null,
        0,
        null,
        3,
        null,
        null,
        null,
        1,
        0,
        null,
        null,
        1,
        null,
        1,
        4,
        null,
        4,
        null,
        4,
        4,
        null,
        null
      ],
      "/home/server/gces/app/models/shared_contact.rb": [
        1,
        1,
        1,
        null,
        1,
        1,
        1,
        null
      ],
      "/home/server/gces/app/models/skill.rb": [
        1,
        1,
        null,
        1,
        null,
        null,
        null,
        null,
        null,
        null,
        null,
        null,
        null,
        null,
        null,
        null,
        null,
        null,
        null,
        null,
        null,
        null,
        null,
        null,
        null,
        null,
        null,
        null,
        null,
        null,
        null,
        null,
        null,
        null,
        null,
        null,
        null,
        1,
        null,
        1,
        1,
        1,
        null,
        1,
        null,
        1,
        1,
        null,
        null,
        1,
        null,
        1,
        110,
        null,
        null,
        1,
        0,
        null,
        null,
        1,
        110,
        null,
        null
      ],
      "/home/server/gces/app/policies/address_policy.rb": [
        1,
        1,
        1,
        1,
        null,
        null,
        null,
        1,
        1,
        null,
        null,
        1,
        3,
        null,
        null,
        1,
        1,
        null,
        1,
        1,
        null,
        null
      ],
      "/home/server/gces/app/policies/logged_in_policy.rb": [
        1,
        1,
        397,
        395,
        null,
        null
      ],
      "/home/server/gces/app/policies/application_policy.rb": [
        1,
        1,
        1,
        null,
        1,
        22,
        22,
        null,
        null,
        1,
        0,
        null,
        null,
        null,
        1,
        null,
        1,
        647,
        647,
        null,
        null,
        1,
        1,
        null,
        null,
        1,
        1,
        null,
        null,
        1,
        0,
        null,
        null,
        1,
        4,
        null,
        null,
        1,
        0,
        null,
        null,
        1,
        0,
        null,
        null,
        1,
        0,
        null,
        null,
        1,
        1,
        null,
        null
      ],
      "/home/server/gces/app/policies/company_policy.rb": [
        1,
        1,
        1,
        6,
        4,
        null,
        2,
        null,
        null,
        null,
        null,
        1,
        145,
        null,
        null,
        1,
        32,
        32,
        null,
        null,
        1,
        80,
        null,
        null,
        1,
        9,
        null,
        null,
        1,
        1,
        null
      ],
      "/home/server/gces/app/policies/consultant_policy.rb": [
        1,
        1,
        1,
        6,
        null,
        null,
        null,
        1,
        32,
        null,
        null,
        1,
        29,
        null,
        null,
        1,
        26,
        null,
        null,
        1,
        35,
        null,
        null,
        1,
        87,
        null,
        null,
        1,
        19,
        null,
        null,
        1,
        0,
        null,
        null,
        1,
        null,
        1,
        55,
        null,
        null,
        1,
        1,
        null,
        1,
        null,
        1,
        225,
        null,
        null
      ],
      "/home/server/gces/app/policies/military_policy.rb": [
        1,
        1,
        1,
        0,
        null,
        null,
        null,
        1,
        2,
        null,
        null,
        1,
        null,
        1,
        1,
        null,
        null,
        1,
        1,
        null,
        null,
        1,
        1,
        null,
        null,
        1,
        1,
        null,
        null
      ],
      "/home/server/gces/app/policies/project_history_policy.rb": [
        1,
        1,
        1,
        3,
        null,
        null,
        null,
        1,
        28,
        null,
        null,
        1,
        2,
        null,
        null,
        1,
        1,
        1,
        null
      ],
      "/home/server/gces/app/policies/project_policy.rb": [
        1,
        1,
        1,
        0,
        null,
        null,
        null,
        1,
        27,
        null,
        null,
        1,
        1,
        null,
        1,
        4,
        null,
        null,
        1,
        60,
        null,
        null,
        1,
        1,
        1,
        1,
        1,
        null,
        1,
        12,
        null,
        null
      ],
      "/home/server/gces/app/policies/report_policy.rb": [
        1,
        1,
        4,
        null,
        null,
        1,
        null,
        1,
        4,
        null,
        null
      ],
      "/home/server/gces/app/policies/user_policy.rb": [
        1,
        1,
        1,
        6,
        null,
        null,
        null,
        1,
        83,
        null,
        null,
        1,
        1,
        null,
        1,
        31,
        null,
        null,
        1,
        null,
        1,
        9,
        null,
        null,
        1,
        10,
        null,
        null,
        1,
        null,
        1,
        11,
        null,
        null
      ],
      "/home/server/gces/app/services/consultant_set_status.rb": [
        1,
        1,
        78,
        null,
        null,
        1,
        19,
        null,
        13,
        13,
        13,
        13,
        null,
        null,
        1,
        16,
        null,
        10,
        10,
        10,
        null,
        null,
        1,
        14,
        null,
        3,
        3,
        3,
        null,
        null,
        1,
        1,
        null,
        0,
        0,
        0,
        null,
        null,
        1,
        33,
        null,
        null,
        1,
        27,
        null,
        null,
        1,
        null,
        14,
        null,
        null,
        null,
        1,
        null,
        null,
        1,
        null,
        null,
        null,
        1,
        null,
        null,
        1,
        null,
        1,
        13,
        null,
        null,
        null
      ],
      "/home/server/gces/app/services/project_set_status.rb": [
        1,
        1,
        96,
        null,
        null,
        1,
        18,
        null,
        6,
        6,
        5,
        5,
        null,
        null,
        1,
        34,
        null,
        9,
        6,
        null,
        3,
        null,
        null,
        9,
        7,
        7,
        null,
        null,
        1,
        18,
        null,
        9,
        9,
        7,
        7,
        null,
        null,
        1,
        18,
        null,
        6,
        6,
        5,
        5,
        5,
        5,
        null,
        null,
        1,
        4,
        null,
        3,
        3,
        3,
        3,
        null,
        null,
        1,
        18,
        null,
        null,
        1,
        34,
        29,
        null,
        5,
        null,
        null,
        null,
        1,
        18,
        null,
        null
      ],
      "/home/server/gces/app/services/phone_unset_primaries.rb": [
        1,
        1,
        4,
        null,
        null,
        1,
        2,
        null,
        2,
        2,
        2,
        1,
        null,
        null,
        2,
        null,
        null
      ],
      "/home/server/gces/app/workers/consultant_indexer.rb": [
        1,
        1,
        1,
        null,
        1,
        3,
        null,
        3,
        null,
        1,
        1,
        null,
        1,
        null,
        null,
        null,
        1,
        null,
        null,
        null
      ],
      "/home/server/gces/app/workers/skill_indexer.rb": [
        1,
        1,
        1,
        null,
        1,
        3,
        null,
        3,
        null,
        1,
        1,
        null,
        1,
        null,
        null,
        1,
        null,
        null,
        null
      ],
      "/home/server/gces/app/inputs/date_time_input.rb": [
        1,
        1,
        32,
        32,
        32,
        null,
        32,
        32,
        null,
        0,
        null,
        null,
        32,
        null,
        null
      ],
      "/home/server/gces/app/models/message.rb": [
        1,
        1,
        null,
        1,
        null,
        1,
        0,
        null,
        null,
        1,
        0,
        null,
        null
      ],
      "/home/server/gces/app/forms/conversation_form.rb": [
        1,
        null,
        1,
        1,
        1,
        null,
        1,
        1,
        null
      ],
      "/home/server/gces/app/controllers/registrations_controller.rb": [
        1,
        1,
        1,
        null,
        1,
        null,
        null,
        1,
        0,
        null,
        null,
        1,
        0,
        0,
        null,
        null,
        null,
        1,
        0,
        0,
        null,
        null,
        null
      ],
      "/home/server/gces/app/forms/background_information_form.rb": [
        1,
        1,
        null,
        1,
        1,
        1,
        1,
        1,
        1,
        1,
        1,
        null,
        1,
        1,
        null,
        null,
        null
      ]
    },
    "timestamp": 1457653736
  }
}
